<?xml version="1.0" encoding="UTF-8"?>
<!-- Generated by org.testng.reporters.JUnitReportReporter -->
<testsuite hostname="CDC2-L-138LY8D" failures="0" tests="4" name="loginTestCases.LoginUsingJXLReader" time="17.760" errors="0" timestamp="2022-07-25T12:56:07 IST" skipped="0">
  <testcase classname="loginTestCases.LoginUsingJXLReader" name="loginWithDataProvider" time="11.685"/>
  <system-out/>
  <testcase classname="loginTestCases.LoginUsingJXLReader" name="loginWithDataProvider" time="1.771"/>
  <system-out/>
  <testcase classname="loginTestCases.LoginUsingJXLReader" name="loginWithDataProvider" time="2.151"/>
  <system-out/>
  <testcase classname="loginTestCases.LoginUsingJXLReader" name="loginWithDataProvider" time="2.153"/>
  <system-out/>
</testsuite> <!-- loginTestCases.LoginUsingJXLReader -->
