<?xml version="1.0" encoding="UTF-8"?>
<!-- Generated by org.testng.reporters.JUnitReportReporter -->
<testsuite hostname="CDC2-L-138LY8D" failures="0" tests="4" name="ExcelReadingOperations.JxlReader" time="17.754" errors="0" timestamp="2022-08-10T13:18:14 IST" skipped="0">
  <testcase classname="ExcelReadingOperations.JxlReader" name="login" time="2.458"/>
  <system-out/>
  <testcase classname="ExcelReadingOperations.JxlReader" name="login" time="11.476"/>
  <system-out/>
  <testcase classname="ExcelReadingOperations.JxlReader" name="login" time="1.735"/>
  <system-out/>
  <testcase classname="ExcelReadingOperations.JxlReader" name="login" time="2.085"/>
  <system-out/>
</testsuite> <!-- ExcelReadingOperations.JxlReader -->
