<?xml version="1.0" encoding="UTF-8"?>
<!-- Generated by org.testng.reporters.JUnitReportReporter -->
<testsuite hostname="CDC2-L-138LY8D" failures="0" tests="1" name="loginTestCases.CorrectUsername" time="11.246" errors="0" timestamp="2022-04-01T18:03:26 IST" skipped="0">
  <testcase classname="loginTestCases.CorrectUsername" name="loginWithCorrectUserName" time="11.246"/>
  <system-out/>
</testsuite> <!-- loginTestCases.CorrectUsername -->
