<?xml version="1.0" encoding="UTF-8"?>
<!-- Generated by org.testng.reporters.JUnitReportReporter -->
<testsuite hostname="CDC2-L-138LY8D" failures="0" tests="1" name="loginTestCases.LoginUsingDataProvider" time="9.455" errors="0" timestamp="2022-07-26T19:27:09 IST" skipped="0">
  <testcase classname="loginTestCases.LoginUsingDataProvider" name="loginWithDataProvider" time="9.455"/>
  <system-out/>
</testsuite> <!-- loginTestCases.LoginUsingDataProvider -->
