<?xml version="1.0" encoding="UTF-8"?>
<!-- Generated by org.testng.reporters.JUnitReportReporter -->
<testsuite hostname="CDC2-L-138LY8D" failures="0" tests="1" name="loginTestCases.BothIncorrect" time="10.912" errors="0" timestamp="2022-04-01T18:03:25 IST" skipped="0">
  <testcase classname="loginTestCases.BothIncorrect" name="loginWithBothInCorrect" time="10.912"/>
  <system-out/>
</testsuite> <!-- loginTestCases.BothIncorrect -->
