<?xml version="1.0" encoding="UTF-8"?>
<!-- Generated by org.testng.reporters.JUnitReportReporter -->
<testsuite hostname="CDC2-L-138LY8D" failures="0" tests="1" name="loginTestCases.BothCorrect" time="30.659" errors="0" timestamp="2022-04-01T18:03:25 IST" skipped="0">
  <testcase classname="loginTestCases.BothCorrect" name="loginWithBothCorrect" time="30.659"/>
  <system-out/>
</testsuite> <!-- loginTestCases.BothCorrect -->
