<?xml version="1.0" encoding="UTF-8"?>
<!-- Generated by org.testng.reporters.JUnitReportReporter -->
<testsuite hostname="CDC2-L-138LY8D" failures="0" tests="1" name="loginTestCases.CorrectPassword" time="9.854" errors="0" timestamp="2022-04-01T18:03:26 IST" skipped="0">
  <testcase classname="loginTestCases.CorrectPassword" name="loginWithCorrectPassword" time="9.854"/>
  <system-out/>
</testsuite> <!-- loginTestCases.CorrectPassword -->
