<?xml version="1.0" encoding="UTF-8"?>
<!-- Generated by org.testng.reporters.JUnitReportReporter -->
<testsuite hostname="CDC2-L-138LY8D" failures="0" tests="3" name="ExcelReadingOperations.JxlReaderExample" time="15.693" errors="0" timestamp="2022-07-25T13:14:45 IST" skipped="0">
  <testcase classname="ExcelReadingOperations.JxlReaderExample" name="login" time="2.795"/>
  <system-out/>
  <testcase classname="ExcelReadingOperations.JxlReaderExample" name="login" time="8.546"/>
  <system-out/>
  <testcase classname="ExcelReadingOperations.JxlReaderExample" name="login" time="4.352"/>
  <system-out/>
</testsuite> <!-- ExcelReadingOperations.JxlReaderExample -->
