<?xml version="1.0" encoding="UTF-8"?>
<!-- Generated by org.testng.reporters.JUnitReportReporter -->
<testsuite hostname="CDC2-L-138LY8D" failures="0" tests="4" name="loginTestCases.Login" time="54.746" errors="0" timestamp="2022-04-01T18:24:53 IST" skipped="0">
  <testcase classname="loginTestCases.Login" name="loginWithDataProvider" time="20.844"/>
  <system-out/>
  <testcase classname="loginTestCases.Login" name="loginWithDataProvider" time="10.339"/>
  <system-out/>
  <testcase classname="loginTestCases.Login" name="loginWithDataProvider" time="11.430"/>
  <system-out/>
  <testcase classname="loginTestCases.Login" name="loginWithDataProvider" time="12.133"/>
  <system-out/>
</testsuite> <!-- loginTestCases.Login -->
